<?xml version="1.0" encoding="UTF-8"?>
<!-- Generated by org.testng.reporters.JUnitReportReporter -->
<testsuite hostname="LAPTOP-L8S5DE3P" failures="0" tests="3" name="class1.testNGclass" time="0.000" errors="0" timestamp="2022-10-05T12:13:55 PDT" skipped="0">
  <testcase classname="class1.testNGclass" name="clastMethod" time="0.000"/>
  <system-out/>
  <testcase classname="class1.testNGclass" name="atestMethod" time="0.000"/>
  <system-out/>
  <testcase classname="class1.testNGclass" name="banotherMethod" time="0.000"/>
  <system-out/>
</testsuite> <!-- class1.testNGclass -->
