<?xml version="1.0" encoding="UTF-8"?>
<!-- Generated by org.testng.reporters.JUnitReportReporter -->
<testsuite hostname="LAPTOP-L8S5DE3P" failures="0" tests="4" name="class1.priority" time="0.003" errors="0" timestamp="2022-10-05T12:13:55 PDT" skipped="0">
  <testcase classname="class1.priority" name="launchBrowserMethod" time="0.000"/>
  <system-out/>
  <testcase classname="class1.priority" name="navigateUrlMethod" time="0.001"/>
  <system-out/>
  <testcase classname="class1.priority" name="loginMethod" time="0.001"/>
  <system-out/>
  <testcase classname="class1.priority" name="closeBrowserMethod" time="0.001"/>
  <system-out/>
</testsuite> <!-- class1.priority -->
