<?xml version="1.0" encoding="UTF-8"?>
<!-- Generated by org.testng.reporters.JUnitReportReporter -->
<testsuite hostname="LAPTOP-L8S5DE3P" failures="0" tests="2" name="class1.Assertion" time="6.133" errors="0" timestamp="2022-10-05T12:13:55 PDT" skipped="1">
  <testcase classname="class1.Assertion" name="validLogin" time="6.133"/>
  <system-out/>
  <testcase classname="class1.Assertion" name="validationOfTitle">
    <skipped/>
  </testcase> <!-- validationOfTitle -->
  <system-out/>
</testsuite> <!-- class1.Assertion -->
