<?xml version="1.0" encoding="UTF-8"?>
<!-- Generated by org.testng.reporters.JUnitReportReporter -->
<testsuite hostname="LAPTOP-L8S5DE3P" failures="0" tests="2" name="class1.loginTest" time="8.853" errors="0" timestamp="2022-10-05T12:13:55 PDT" skipped="0">
  <testcase classname="class1.loginTest" name="validLogin" time="5.702"/>
  <system-out/>
  <testcase classname="class1.loginTest" name="validateDashboardPage" time="3.151"/>
  <system-out/>
</testsuite> <!-- class1.loginTest -->
