<?xml version="1.0" encoding="UTF-8"?>
<!-- Generated by org.testng.reporters.JUnitReportReporter -->
<testsuite hostname="LAPTOP-L8S5DE3P" failures="0" tests="3" name="class1.dependsOnAttribute" time="0.018" errors="0" timestamp="2022-10-05T11:15:06 PDT" skipped="0">
  <testcase classname="class1.dependsOnAttribute" name="verifyDashboardPage" time="0.001"/>
  <system-out/>
  <testcase classname="class1.dependsOnAttribute" name="logot" time="0.001"/>
  <system-out/>
  <testcase classname="class1.dependsOnAttribute" name="login" time="0.016"/>
  <system-out/>
</testsuite> <!-- class1.dependsOnAttribute -->
