<?xml version="1.0" encoding="UTF-8"?>
<!-- Generated by org.testng.reporters.JUnitReportReporter -->
<testsuite hostname="LAPTOP-L8S5DE3P" failures="0" tests="3" name="class3.parallelTestTester" time="15.239" errors="0" timestamp="2022-10-06T13:09:30 PDT" skipped="0">
  <testcase classname="class3.parallelTestTester" name="validLogin1" time="4.668"/>
  <system-out/>
  <testcase classname="class3.parallelTestTester" name="validLogin1" time="5.724"/>
  <system-out/>
  <testcase classname="class3.parallelTestTester" name="validLogin1" time="4.847"/>
  <system-out/>
</testsuite> <!-- class3.parallelTestTester -->
