<?xml version="1.0" encoding="UTF-8"?>
<!-- Generated by org.testng.reporters.JUnitReportReporter -->
<testsuite hostname="LAPTOP-L8S5DE3P" failures="0" tests="4" name="class1.enableAndDisableAttr" time="7.937" errors="0" timestamp="2022-10-05T12:13:55 PDT" skipped="2">
  <testcase classname="class1.enableAndDisableAttr" name="validLogin" time="4.928"/>
  <system-out/>
  <testcase classname="class1.enableAndDisableAttr" name="validateLogOut" time="3.009"/>
  <system-out/>
  <testcase classname="class1.enableAndDisableAttr" name="validateDashboardPage">
    <skipped/>
  </testcase> <!-- validateDashboardPage -->
  <system-out/>
  <testcase classname="class1.enableAndDisableAttr" name="validateLogo">
    <skipped/>
  </testcase> <!-- validateLogo -->
  <system-out/>
</testsuite> <!-- class1.enableAndDisableAttr -->
