<?xml version="1.0" encoding="UTF-8"?>
<!-- Generated by org.testng.reporters.JUnitReportReporter -->
<testsuite hostname="LAPTOP-L8S5DE3P" failures="0" tests="4" name="class1.enableAndDisableAttr$loginTest" time="8.103" errors="0" timestamp="2022-10-03T13:08:19 PDT" skipped="2">
  <testcase classname="class1.enableAndDisableAttr$loginTest" name="validLogin" time="5.094"/>
  <system-out/>
  <testcase classname="class1.enableAndDisableAttr$loginTest" name="validateLogOut" time="3.009"/>
  <system-out/>
  <testcase classname="class1.enableAndDisableAttr$loginTest" name="validateDashboardPage">
    <skipped/>
  </testcase> <!-- validateDashboardPage -->
  <system-out/>
  <testcase classname="class1.enableAndDisableAttr$loginTest" name="validateLogo">
    <skipped/>
  </testcase> <!-- validateLogo -->
  <system-out/>
</testsuite> <!-- class1.enableAndDisableAttr$loginTest -->
