<?xml version="1.0" encoding="UTF-8"?>
<!-- Generated by org.testng.reporters.JUnitReportReporter -->
<testsuite hostname="LAPTOP-L8S5DE3P" failures="0" tests="1" name="class3.dataProviderDemo" time="5.876" errors="0" timestamp="2022-10-06T13:02:14 PDT" skipped="0">
  <testcase classname="class3.dataProviderDemo" name="validLogin" time="5.876"/>
  <system-out/>
</testsuite> <!-- class3.dataProviderDemo -->
